start!
compression ratio: 0.5 ::: pruner: magTrain results:
                   train_loss  test_loss  top1_accuracy  top5_accuracy
Init.      0             NaN   2.306855          10.32          47.39
Pre-Prune  200  1.263618e-09   0.244524          98.37          99.86
Post-Prune 0             NaN   0.177405          97.03          99.59
Final      200  6.816785e-09   0.310510          98.11          99.82
Prune results:
    module   param  sparsity   size       shape  ...    score sum  score abs mean  score abs variance  score abs sum  prunable
0       1  weight  0.276467  78400  (100, 784)  ...  7544.000977        0.096225            0.011341    7544.000977      True
1       1    bias  1.000000    100      (100,)  ...     0.000000        0.000000            0.000000       0.000000     False
2       3  weight  0.437500  10000  (100, 100)  ...  1372.971924        0.137297            0.013748    1372.971924      True
3       3    bias  1.000000    100      (100,)  ...     0.000000        0.000000            0.000000       0.000000     False
4       5  weight  0.436900  10000  (100, 100)  ...  1342.554565        0.134255            0.012105    1342.554565      True
5       5    bias  1.000000    100      (100,)  ...     0.000000        0.000000            0.000000       0.000000     False
6       7  weight  0.373200  10000  (100, 100)  ...  1160.267212        0.116027            0.009301    1160.267212      True
7       7    bias  1.000000    100      (100,)  ...     0.000000        0.000000            0.000000       0.000000     False
8       9  weight  0.320000  10000  (100, 100)  ...  1018.854187        0.101885            0.006814    1018.854187      True
9       9    bias  1.000000    100      (100,)  ...     0.000000        0.000000            0.000000       0.000000     False
10     11  weight  0.407000   1000   (10, 100)  ...   158.226944        0.158227            0.033483     158.226944      True
11     11    bias  1.000000     10       (10,)  ...     0.000000        0.000000            0.000000       0.000000     False

[12 rows x 13 columns]
Parameter Sparsity: 38268/119910 (0.3191)
FLOP Sparsity: 38268/119910 (0.3191)
Testing time: 0.1853291379957227
remaining weights: 
0     21675.000763
1       100.000000
2      4375.000000
3       100.000000
4      4368.999898
5       100.000000
6      3731.999993
7       100.000000
8      3199.999928
9       100.000000
10      407.000005
11       10.000000
dtype: float64
flop each layer: [21675.000762939453, 100.0, 4375.0, 100.0, 4368.999898433685, 100.0, 3731.99999332428, 100.0, 3199.9999284744263, 100.0, 407.00000524520874, 10.0]
